<?xml version="1.0" encoding="UTF-8"?>
<!-- Generated by org.testng.reporters.JUnitReportReporter -->
<testsuite hostname="DESKTOP-80BPIUS" name="com.verizon.visp.IOT_Regression_Web.IOT_B2B_Web" tests="2" failures="0" timestamp="6 Jun 2017 17:59:55 GMT" time="167.357" errors="0">
  <testcase name="MDNSignIn" time="73.781" classname="com.verizon.visp.IOT_Regression_Web.IOT_B2B_Web"/>
  <testcase name="MDNRegistration" time="93.576" classname="com.verizon.visp.IOT_Regression_Web.IOT_B2B_Web"/>
</testsuite> <!-- com.verizon.visp.IOT_Regression_Web.IOT_B2B_Web -->
