<?xml version="1.0" encoding="UTF-8"?>
<!-- Generated by org.testng.reporters.JUnitReportReporter -->
<testsuite hostname="DESKTOP-80BPIUS" name="com.verizon.visp.IOT_Regression_Web_API.IOT_B2B_Web_API" tests="5" failures="0" timestamp="6 Jun 2017 18:09:13 GMT" time="458.807" errors="0">
  <testcase name="MDNLogin_UpdateDeveloperApp" time="79.626" classname="com.verizon.visp.IOT_Regression_Web_API.IOT_B2B_Web_API"/>
  <testcase name="AccessToken_Generation" time="85.068" classname="com.verizon.visp.IOT_Regression_Web_API.IOT_B2B_Web_API"/>
  <testcase name="MDNLogin_GetDeveloperApp" time="76.182" classname="com.verizon.visp.IOT_Regression_Web_API.IOT_B2B_Web_API"/>
  <testcase name="MDNLogin_DeleteDeveloperApp" time="141.890" classname="com.verizon.visp.IOT_Regression_Web_API.IOT_B2B_Web_API"/>
  <testcase name="MDNLogin_CreateDeveloperApp" time="76.041" classname="com.verizon.visp.IOT_Regression_Web_API.IOT_B2B_Web_API"/>
</testsuite> <!-- com.verizon.visp.IOT_Regression_Web_API.IOT_B2B_Web_API -->
